<?xml version="1.0" encoding="UTF-8"?>
<testng-results skipped="0" failed="0" ignored="0" total="1" passed="1">
  <reporter-output>
  </reporter-output>
  <suite name="Surefire suite" duration-ms="173" started-at="2019-10-23T10:13:30 IST" finished-at="2019-10-23T10:13:30 IST">
    <groups>
    </groups>
    <test name="Surefire test" duration-ms="173" started-at="2019-10-23T10:13:30 IST" finished-at="2019-10-23T10:13:30 IST">
      <class name="org.sel.com.AppTest">
        <test-method status="PASS" signature="shouldAnswerWithTrue()" name="shouldAnswerWithTrue" duration-ms="57" started-at="2019-10-23T10:13:30 IST" finished-at="2019-10-23T10:13:30 IST">
          <reporter-output>
          </reporter-output>
        </test-method> <!-- shouldAnswerWithTrue -->
      </class> <!-- org.sel.com.AppTest -->
    </test> <!-- Surefire test -->
  </suite> <!-- Surefire suite -->
</testng-results>
